This is pdfTeX, Version 3.14159265-2.6-1.40.16 (TeX Live 2015/Debian) (preloaded format=pdflatex 2017.8.23)  2 DEC 2017 23:32
entering extended mode
 restricted \write18 enabled.
 %&-line parsing enabled.
**math-1.tex
(./math-1.tex
LaTeX2e <2016/02/01>
Babel <3.9q> and hyphenation patterns for 5 language(s) loaded.
(/usr/share/texlive/texmf-dist/tex/latex/base/article.cls
Document Class: article 2014/09/29 v1.4h Standard LaTeX document class
(/usr/share/texlive/texmf-dist/tex/latex/base/size11.clo
File: size11.clo 2014/09/29 v1.4h Standard LaTeX file (size option)
)
\c@part=\count79
\c@section=\count80
\c@subsection=\count81
\c@subsubsection=\count82
\c@paragraph=\count83
\c@subparagraph=\count84
\c@figure=\count85
\c@table=\count86
\abovecaptionskip=\skip41
\belowcaptionskip=\skip42
\bibindent=\dimen102
) (./math-1.aux)
\openout1 = `math-1.aux'.

LaTeX Font Info:    Checking defaults for OML/cmm/m/it on input line 3.
LaTeX Font Info:    ... okay on input line 3.
LaTeX Font Info:    Checking defaults for T1/cmr/m/n on input line 3.
LaTeX Font Info:    ... okay on input line 3.
LaTeX Font Info:    Checking defaults for OT1/cmr/m/n on input line 3.
LaTeX Font Info:    ... okay on input line 3.
LaTeX Font Info:    Checking defaults for OMS/cmsy/m/n on input line 3.
LaTeX Font Info:    ... okay on input line 3.
LaTeX Font Info:    Checking defaults for OMX/cmex/m/n on input line 3.
LaTeX Font Info:    ... okay on input line 3.
LaTeX Font Info:    Checking defaults for U/cmr/m/n on input line 3.
LaTeX Font Info:    ... okay on input line 3.
LaTeX Font Info:    External font `cmex10' loaded for size
(Font)              <10.95> on input line 4.
LaTeX Font Info:    External font `cmex10' loaded for size
(Font)              <8> on input line 4.
LaTeX Font Info:    External font `cmex10' loaded for size
(Font)              <6> on input line 4.

Overfull \hbox (32.30157pt too wide) in paragraph at lines 12--13
[]\OT1/cmr/m/n/10.95 5. Greeks Let-ter: $\OML/cmm/m/it/10.95 ; ^^L; ^^M; ^^N; 
^^O; ^^P; ^^Q; ^^R; ^^U; ^^Y; ^^Z; ^^[; ^^\; ^^^; ';  ; !; \OT1/cmr/m/n/10.95 ^
^A\OML/cmm/m/it/10.95 ; \OT1/cmr/m/n/10.95 ^^B\OML/cmm/m/it/10.95 ; \OT1/cmr/m/
n/10.95 ^^E\OML/cmm/m/it/10.95 ; \OT1/cmr/m/n/10.95 ^^F\OML/cmm/m/it/10.95 ; \O
T1/cmr/m/n/10.95 ^^H\OML/cmm/m/it/10.95 ; \OT1/cmr/m/n/10.95 	\OML/cmm/m/it/10.
95 ; \OT1/cmr/m/n/10.95 
\OML/cmm/m/it/10.95 ; \OMS/cmsy/m/n/10.95 1$ 
 []

[1

{/var/lib/texmf/fonts/map/pdftex/updmap/pdftex.map}] (./math-1.aux) ) 
Here is how much of TeX's memory you used:
 219 strings out of 494910
 2355 string characters out of 6179836
 50611 words of memory out of 5000000
 3591 multiletter control sequences out of 15000+600000
 6379 words of font info for 23 fonts, out of 8000000 for 9000
 36 hyphenation exceptions out of 8191
 21i,5n,19p,213b,107s stack positions out of 5000i,500n,10000p,200000b,80000s
</usr/shar
e/texlive/texmf-dist/fonts/type1/public/amsfonts/cm/cmmi10.pfb></usr/share/texl
ive/texmf-dist/fonts/type1/public/amsfonts/cm/cmmi6.pfb></usr/share/texlive/tex
mf-dist/fonts/type1/public/amsfonts/cm/cmmi8.pfb></usr/share/texlive/texmf-dist
/fonts/type1/public/amsfonts/cm/cmr10.pfb></usr/share/texlive/texmf-dist/fonts/
type1/public/amsfonts/cm/cmr6.pfb></usr/share/texlive/texmf-dist/fonts/type1/pu
blic/amsfonts/cm/cmr8.pfb></usr/share/texlive/texmf-dist/fonts/type1/public/ams
fonts/cm/cmsy10.pfb>
Output written on math-1.pdf (1 page, 73993 bytes).
PDF statistics:
 36 PDF objects out of 1000 (max. 8388607)
 25 compressed objects within 1 object stream
 0 named destinations out of 1000 (max. 500000)
 1 words of extra memory for PDF output out of 10000 (max. 10000000)

